<?xml version="1.0" encoding="UTF-8"?>
<!-- Generated by org.testng.reporters.JUnitReportReporter -->
<testsuite skipped="0" hostname="AHMLPT0512" name="com.wbl.test.Waits" tests="1" failures="0" timestamp="06 Jul 2017 07:22:24 GMT" time="16.016" errors="0">
  <testcase name="testExplicitwait" time="16.016" classname="com.wbl.test.Waits"/>
</testsuite> <!-- com.wbl.test.Waits -->
