<?xml version="1.0" encoding="UTF-8"?>
<!-- Generated by org.testng.reporters.JUnitReportReporter -->
<testsuite skipped="0" hostname="AHMLPT0512" name="com.wbl.test.HomePageTest" tests="1" failures="0" timestamp="06 Jul 2017 06:01:11 GMT" time="27.849" errors="0">
  <testcase name="testWalmartHomePage" time="27.849" classname="com.wbl.test.HomePageTest"/>
</testsuite> <!-- com.wbl.test.HomePageTest -->
