<?xml version="1.0" encoding="UTF-8"?>
<!-- Generated by org.testng.reporters.JUnitReportReporter -->
<testsuite skipped="0" hostname="AHMLPT0512" name="com.wbl.test.ActionsExample" tests="1" failures="0" timestamp="06 Jul 2017 01:48:07 GMT" time="7.634" errors="0">
  <testcase name="testActions" time="7.634" classname="com.wbl.test.ActionsExample"/>
</testsuite> <!-- com.wbl.test.ActionsExample -->
