<?xml version="1.0" encoding="UTF-8"?>
<!-- Generated by org.testng.reporters.JUnitReportReporter -->
<testsuite skipped="3" hostname="AHMLPT0512" name="com.wbl.test.DragAndDrop" tests="4" failures="0" timestamp="11 Jul 2017 05:57:52 GMT" time="7.059" errors="0">
  <testcase name="Handlecookies" time="7.059" classname="com.wbl.test.DragAndDrop"/>
  <testcase name="WebElementMethods" classname="com.wbl.test.DragAndDrop">
    <skipped/>
  </testcase> <!-- WebElementMethods -->
  <testcase name="navigate" classname="com.wbl.test.DragAndDrop">
    <skipped/>
  </testcase> <!-- navigate -->
  <testcase name="draganddropActions" classname="com.wbl.test.DragAndDrop">
    <skipped/>
  </testcase> <!-- draganddropActions -->
</testsuite> <!-- com.wbl.test.DragAndDrop -->
