<?xml version="1.0" encoding="UTF-8"?>
<!-- Generated by org.testng.reporters.JUnitReportReporter -->
<testsuite skipped="0" hostname="AHMLPT0512" name="com.wbl.automation.iframe" tests="1" failures="0" timestamp="05 Oct 2017 08:03:14 GMT" time="5.614" errors="0">
  <testcase name="testframe" time="5.614" classname="com.wbl.automation.iframe"/>
</testsuite> <!-- com.wbl.automation.iframe -->
