<?xml version="1.0" encoding="UTF-8"?>
<!-- Generated by org.testng.reporters.JUnitReportReporter -->
<testsuite skipped="0" hostname="AHMLPT0512" name="com.wbl.automation.ActionsEx" tests="1" failures="0" timestamp="28 Sep 2017 06:13:21 GMT" time="2.504" errors="0">
  <testcase name="alert" time="2.504" classname="com.wbl.automation.ActionsEx"/>
</testsuite> <!-- com.wbl.automation.ActionsEx -->
