<?xml version="1.0" encoding="UTF-8"?>
<!-- Generated by org.testng.reporters.JUnitReportReporter -->
<testsuite skipped="0" hostname="AHMLPT0512" name="com.wbl.automation.WindowHandle" tests="1" failures="0" timestamp="26 Sep 2017 04:41:59 GMT" time="10.287" errors="0">
  <testcase name="HomePage" time="10.287" classname="com.wbl.automation.WindowHandle"/>
</testsuite> <!-- com.wbl.automation.WindowHandle -->
