<?xml version="1.0" encoding="UTF-8"?>
<!-- Generated by org.testng.reporters.JUnitReportReporter -->
<testsuite skipped="0" hostname="AHMLPT0512" name="com.wbl.automation.Actions" tests="1" failures="0" timestamp="27 Sep 2017 04:33:35 GMT" time="20.856" errors="0">
  <testcase name="Mousehover" time="20.856" classname="com.wbl.automation.Actions"/>
</testsuite> <!-- com.wbl.automation.Actions -->
