<?xml version="1.0" encoding="UTF-8"?>
<!-- Generated by org.testng.reporters.JUnitReportReporter -->
<testsuite hostname="AHMLPT0512" name="com.wbl.HomePageTest" tests="1" failures="0" timestamp="14 Oct 2017 08:33:28 GMT" time="11.783" errors="0">
  <testcase name="footerlinkstest" time="11.783" classname="com.wbl.HomePageTest"/>
</testsuite> <!-- com.wbl.HomePageTest -->
