<?xml version="1.0" encoding="UTF-8"?>
<!-- Generated by org.testng.reporters.JUnitReportReporter -->
<testsuite hostname="AHMLPT0512" name="com.wbl.restapi.FirstTwitterGet" tests="1" failures="0" timestamp="19 Oct 2017 07:35:48 GMT" time="0.498" errors="0">
  <testcase name="testapi" time="0.498" classname="com.wbl.restapi.FirstTwitterGet"/>
</testsuite> <!-- com.wbl.restapi.FirstTwitterGet -->
