<?xml version="1.0" encoding="UTF-8"?>
<!-- Generated by org.testng.reporters.JUnitReportReporter -->
<testsuite hostname="AHMLPT0512" name="com.wbl.SearchResultsDetailsPageTest" tests="1" failures="0" timestamp="11 Oct 2017 07:03:35 GMT" time="54.242" errors="0">
  <testcase name="IsImagePresent" time="54.242" classname="com.wbl.SearchResultsDetailsPageTest"/>
</testsuite> <!-- com.wbl.SearchResultsDetailsPageTest -->
