<?xml version="1.0" encoding="UTF-8"?>
<!-- Generated by org.testng.reporters.JUnitReportReporter -->
<testsuite hostname="AHMLPT0512" name="com.wbl.restapi.FirstTwitterPost" tests="1" failures="0" timestamp="19 Oct 2017 22:39:14 GMT" time="0.533" errors="0">
  <testcase name="twitterapitest" time="0.533" classname="com.wbl.restapi.FirstTwitterPost"/>
</testsuite> <!-- com.wbl.restapi.FirstTwitterPost -->
